[31m╷[0m[0m
[31m│[0m [0m[1m[31mError: [0m[0m[1mError acquiring the state lock[0m
[31m│[0m [0m
[31m│[0m [0m[0mError message: operation error DynamoDB: PutItem, https response error
[31m│[0m [0mStatusCode: 400, RequestID:
[31m│[0m [0mBT5V43PK6UGFIBAO4S49NJQF2NVV4KQNSO5AEMVJF66Q9ASUAAJG,
[31m│[0m [0mConditionalCheckFailedException: The conditional request failed
[31m│[0m [0mLock Info:
[31m│[0m [0m  ID:        5636faac-bd51-9665-aa89-1a51928953cc
[31m│[0m [0m  Path:      hanu-aws-project-zero-to-hero/eks/terraform.tfstate
[31m│[0m [0m  Operation: OperationTypePlan
[31m│[0m [0m  Who:       codespace@codespaces-d8b0e7
[31m│[0m [0m  Version:   1.14.3
[31m│[0m [0m  Created:   2026-01-17 17:55:18.429857932 +0000 UTC
[31m│[0m [0m  Info:      
[31m│[0m [0m
[31m│[0m [0m
[31m│[0m [0mTerraform acquires a state lock to protect the state from being written
[31m│[0m [0mby multiple users at the same time. Please resolve the issue above and try
[31m│[0m [0magain. For most commands, you can disable locking with the "-lock=false"
[31m│[0m [0mflag, but this is not recommended.
[31m╵[0m[0m
